2025-09-15 13:39:02,222 [INFO] Activator:176 - 


2025-09-15 13:39:02,243 [INFO] Activator:177 - !SESSION log4j initialized
2025-09-15 13:39:19,688 [INFO] LogOutputStream:77 - [STDOUT_REDIRECT] 
2025-09-15 13:39:23,042 [INFO] ApplicationProperties:184 - Using Application install path: D:\STM32CubeIDE_1.18.1\STM32CubeIDE\plugins\com.st.stm32cube.common.mx_6.14.1.202504091515
2025-09-15 13:39:23,111 [INFO] DbMcusXml:78 - Set database path to: D:\STM32CubeIDE_1.18.1\STM32CubeIDE\plugins\com.st.stm32cube.common.mx_6.14.1.202504091515\\db\/mcu/
2025-09-15 13:39:23,113 [INFO] ApiDb:274 - Set plugin database path to: D:\STM32CubeIDE_1.18.1\STM32CubeIDE\plugins\com.st.stm32cube.common.mx_6.14.1.202504091515\\db\/plugins/boardmanager/
2025-09-15 13:39:23,114 [WARN] ApiDb:259 - Overriding images path with different value:  => D:\STM32CubeIDE_1.18.1\STM32CubeIDE\plugins\com.st.stm32cube.common.mx_6.14.1.202504091515\\db\/plugins/mcufinder/images/
2025-09-15 13:39:23,146 [INFO] ApiDb:250 - Set database path to: C:\Users\Anis\.stmcufinder\plugins\mcufinder//mcu/
2025-09-15 13:39:23,151 [INFO] DbMcusAds:125 - Set database path to: C:\Users\Anis\.stmcufinder\plugins\mcufinder//mcu/
2025-09-15 13:39:23,159 [INFO] CrossReferenceDbSqlite:203 - Set database path to: C:\Users\Anis\.stmcufinder\plugins\mcufinder//mcu/cs/
2025-09-15 13:39:23,799 [INFO] RulesReader:64 - Compatibility file has been processed (302 Rules)
2025-09-15 13:39:24,104 [INFO] DbMcusXml:78 - Set database path to: D:\STM32CubeIDE_1.18.1\STM32CubeIDE\plugins\com.st.stm32cube.common.mx_6.14.1.202504091515\\db\/mcu/
2025-09-15 13:39:24,105 [INFO] ApiDb:274 - Set plugin database path to: D:\STM32CubeIDE_1.18.1\STM32CubeIDE\plugins\com.st.stm32cube.common.mx_6.14.1.202504091515\\db\/plugins/boardmanager/
2025-09-15 13:39:24,106 [INFO] ApiDb:261 - Set plugin images path to: D:\STM32CubeIDE_1.18.1\STM32CubeIDE\plugins\com.st.stm32cube.common.mx_6.14.1.202504091515\\db\/plugins/mcufinder/images/
2025-09-15 13:39:24,106 [WARN] DbFile:41 - Overriding database path with different value: C:\Users\Anis\.stmcufinder\plugins\mcufinder/ => C:\Users\Anis\.stmcufinder\plugins\mcufinder
2025-09-15 13:39:24,107 [INFO] ApiDb:250 - Set database path to: C:\Users\Anis\.stmcufinder\plugins\mcufinder//mcu/
2025-09-15 13:39:24,108 [WARN] DbFile:41 - Overriding database path with different value: C:\Users\Anis\.stmcufinder\plugins\mcufinder/ => C:\Users\Anis\.stmcufinder\plugins\mcufinder
2025-09-15 13:39:24,109 [INFO] DbMcusAds:125 - Set database path to: C:\Users\Anis\.stmcufinder\plugins\mcufinder//mcu/
2025-09-15 13:39:24,109 [WARN] DbFile:41 - Overriding database path with different value: C:\Users\Anis\.stmcufinder\plugins\mcufinder/ => C:\Users\Anis\.stmcufinder\plugins\mcufinder
2025-09-15 13:39:24,110 [WARN] DbFile:41 - Overriding database path with different value: C:\Users\Anis\.stmcufinder\plugins\mcufinder/ => C:\Users\Anis\.stmcufinder\plugins\mcufinder
2025-09-15 13:39:24,110 [INFO] CrossReferenceDbSqlite:203 - Set database path to: C:\Users\Anis\.stmcufinder\plugins\mcufinder//mcu/cs/
2025-09-15 13:39:24,412 [INFO] MainPanel:272 - HeapMemory: 268435456
2025-09-15 13:39:24,876 [INFO] DbMcusXml:78 - Set database path to: D:\STM32CubeIDE_1.18.1\STM32CubeIDE\plugins\com.st.stm32cube.common.mx_6.14.1.202504091515\\db\/mcu/
2025-09-15 13:39:24,877 [INFO] ApiDb:274 - Set plugin database path to: D:\STM32CubeIDE_1.18.1\STM32CubeIDE\plugins\com.st.stm32cube.common.mx_6.14.1.202504091515\\db\/plugins/boardmanager/
2025-09-15 13:39:24,877 [INFO] ApiDb:261 - Set plugin images path to: D:\STM32CubeIDE_1.18.1\STM32CubeIDE\plugins\com.st.stm32cube.common.mx_6.14.1.202504091515\\db\/plugins/mcufinder/images/
2025-09-15 13:39:24,878 [WARN] DbFile:41 - Overriding database path with different value: C:\Users\Anis\.stmcufinder\plugins\mcufinder/ => C:\Users\Anis\.stmcufinder\plugins\mcufinder
2025-09-15 13:39:24,879 [INFO] ApiDb:250 - Set database path to: C:\Users\Anis\.stmcufinder\plugins\mcufinder//mcu/
2025-09-15 13:39:24,879 [WARN] DbFile:41 - Overriding database path with different value: C:\Users\Anis\.stmcufinder\plugins\mcufinder/ => C:\Users\Anis\.stmcufinder\plugins\mcufinder
2025-09-15 13:39:24,880 [INFO] DbMcusAds:125 - Set database path to: C:\Users\Anis\.stmcufinder\plugins\mcufinder//mcu/
2025-09-15 13:39:24,880 [WARN] DbFile:41 - Overriding database path with different value: C:\Users\Anis\.stmcufinder\plugins\mcufinder/ => C:\Users\Anis\.stmcufinder\plugins\mcufinder
2025-09-15 13:39:24,880 [WARN] DbFile:41 - Overriding database path with different value: C:\Users\Anis\.stmcufinder\plugins\mcufinder/ => C:\Users\Anis\.stmcufinder\plugins\mcufinder
2025-09-15 13:39:24,881 [INFO] CrossReferenceDbSqlite:203 - Set database path to: C:\Users\Anis\.stmcufinder\plugins\mcufinder//mcu/cs/
2025-09-15 13:39:24,945 [INFO] ApplicationProperties:184 - Using Application install path: D:\STM32CubeIDE_1.18.1\STM32CubeIDE\plugins\com.st.stm32cube.common.mx_6.14.1.202504091515
2025-09-15 13:39:24,949 [INFO] PluginManage:196 - Search for loadable plugins [exclusion list=, ]
2025-09-15 13:39:24,954 [INFO] PluginManage:310 - Check plugin analytics
2025-09-15 13:39:25,878 [INFO] AnalyticsPlugin:253 - Accepted Software Licenses: 
2025-09-15 13:39:25,880 [INFO] AnalyticsPlugin:255 - Accepted CMSIS Pack Licenses: 
2025-09-15 13:39:25,881 [INFO] AnalyticsPlugin:257 - Accepted Firmware Licenses: FW.F4.1.28.0
2025-09-15 13:39:25,896 [INFO] PluginManage:359 - Loaded plugin analytics (category:tool,tabindex:-1)
2025-09-15 13:39:25,898 [INFO] PluginManage:310 - Check plugin cadmodel
2025-09-15 13:39:25,925 [INFO] CADModel:105 - Init CAD model plugin
2025-09-15 13:39:25,926 [INFO] PluginManage:359 - Loaded plugin cadmodel (category:power,tabindex:5)
2025-09-15 13:39:25,926 [INFO] PluginManage:310 - Check plugin clock
2025-09-15 13:39:25,994 [INFO] PluginManage:359 - Loaded plugin clock (category:base,tabindex:2)
2025-09-15 13:39:25,994 [INFO] PluginManage:310 - Check plugin ddr
2025-09-15 13:39:26,002 [INFO] PluginManage:359 - Loaded plugin ddr (category:tool,tabindex:6)
2025-09-15 13:39:26,003 [INFO] PluginManage:310 - Check plugin filemanager
2025-09-15 13:39:26,463 [INFO] PluginManage:359 - Loaded plugin filemanager (category:base,tabindex:10)
2025-09-15 13:39:26,463 [INFO] PluginManage:310 - Check plugin ipmanager
2025-09-15 13:39:26,483 [INFO] PluginManage:359 - Loaded plugin ipmanager (category:base,tabindex:5)
2025-09-15 13:39:26,483 [INFO] PluginManage:310 - Check plugin lpbam
2025-09-15 13:39:26,505 [INFO] PluginManage:359 - Loaded plugin lpbam (category:base,tabindex:0)
2025-09-15 13:39:26,505 [INFO] PluginManage:310 - Check plugin memorymap
2025-09-15 13:39:26,537 [INFO] PluginManage:359 - Loaded plugin memorymap (category:base,tabindex:4)
2025-09-15 13:39:26,537 [INFO] PluginManage:310 - Check plugin pinoutandconfiguration
2025-09-15 13:39:26,560 [INFO] PluginManage:359 - Loaded plugin pinoutandconfiguration (category:base,tabindex:1)
2025-09-15 13:39:26,561 [INFO] PluginManage:310 - Check plugin pinoutconfig
2025-09-15 13:39:26,839 [WARN] SupportedApi:132 - Cannot load RTOS API schema: s4s-elt-must-match.1: The content of 'definitions' must match (annotation?, (simpleType | complexType)?, (unique | key | keyref)*)). A problem was found starting at: attribute.
2025-09-15 13:39:27,255 [INFO] PluginManage:359 - Loaded plugin pinoutconfig (category:base,tabindex:0)
2025-09-15 13:39:27,256 [INFO] PluginManage:310 - Check plugin power
2025-09-15 13:39:27,294 [INFO] PluginManage:359 - Loaded plugin power (category:power,tabindex:4)
2025-09-15 13:39:27,294 [INFO] PluginManage:310 - Check plugin projectmanager
2025-09-15 13:39:27,340 [INFO] PluginManage:359 - Loaded plugin projectmanager (category:projectmanager,tabindex:4)
2025-09-15 13:39:27,341 [INFO] PluginManage:310 - Check plugin rif
2025-09-15 13:39:27,358 [INFO] PluginManage:359 - Loaded plugin rif (category:base,tabindex:3)
2025-09-15 13:39:27,358 [INFO] PluginManage:310 - Check plugin thirdparty
2025-09-15 13:39:27,738 [WARN] IntegrityCheckThread:84 - waiting for thirdparty lock release [integrity check]
2025-09-15 13:39:27,739 [INFO] PluginManage:359 - Loaded plugin thirdparty (category:base,tabindex:-1)
2025-09-15 13:39:27,739 [INFO] IntegrityCheckThread:86 - entering critical section [integrity check]
2025-09-15 13:39:27,739 [INFO] PluginManage:310 - Check plugin tools
2025-09-15 13:39:27,740 [INFO] ThirdPartyUpdaterWithRetryManager:70 - Updater plugin not ready yet. [1/15]
2025-09-15 13:39:27,747 [INFO] PluginManage:359 - Loaded plugin tools (category:base,tabindex:7)
2025-09-15 13:39:27,748 [INFO] PluginManage:310 - Check plugin tutovideos
2025-09-15 13:39:28,227 [INFO] PluginManage:359 - Loaded plugin tutovideos (category:base,tabindex:-1)
2025-09-15 13:39:28,228 [INFO] PluginManage:310 - Check plugin updater
2025-09-15 13:39:28,283 [INFO] PluginManage:359 - Loaded plugin updater (category:base,tabindex:12)
2025-09-15 13:39:28,283 [INFO] PluginManage:310 - Check plugin userauth
2025-09-15 13:39:28,293 [INFO] UserAuth:118 - Init User Auth plugin
2025-09-15 13:39:28,295 [INFO] PluginManage:359 - Loaded plugin userauth (category:base,tabindex:14)
2025-09-15 13:39:28,296 [INFO] PluginManage:283 - PluginManage : Loaded plugins [18]
2025-09-15 13:39:28,873 [INFO] PinOutPanel:1589 - setPackage(No Configuration,No Configuration)
2025-09-15 13:39:29,132 [INFO] CADModel:165 - CPN selected for project level
2025-09-15 13:39:29,132 [INFO] CADModel:114 - Register for checkConnection events
2025-09-15 13:39:29,187 [INFO] IPUIPlugin:80 - create IPUIPlugin
2025-09-15 13:39:29,188 [INFO] PluginManager:220 - loadIPPluginJar : add adc
2025-09-15 13:39:29,195 [INFO] IPUIPlugin:80 - create IPUIPlugin
2025-09-15 13:39:29,196 [INFO] PluginManager:220 - loadIPPluginJar : add aes
2025-09-15 13:39:29,204 [INFO] IPUIPlugin:80 - create IPUIPlugin
2025-09-15 13:39:29,205 [INFO] PluginManager:220 - loadIPPluginJar : add can
2025-09-15 13:39:29,209 [INFO] IPUIPlugin:80 - create IPUIPlugin
2025-09-15 13:39:29,209 [INFO] PluginManager:220 - loadIPPluginJar : add comp
2025-09-15 13:39:29,215 [INFO] IPUIPlugin:80 - create IPUIPlugin
2025-09-15 13:39:29,215 [INFO] PluginManager:220 - loadIPPluginJar : add cryp
2025-09-15 13:39:29,223 [INFO] IPUIPlugin:80 - create IPUIPlugin
2025-09-15 13:39:29,224 [INFO] PluginManager:220 - loadIPPluginJar : add ddr_ctrl_phy
2025-09-15 13:39:29,231 [INFO] IPUIPlugin:80 - create IPUIPlugin
2025-09-15 13:39:29,232 [INFO] PluginManager:220 - loadIPPluginJar : add dfsdm
2025-09-15 13:39:29,248 [INFO] IPUIPlugin:80 - create IPUIPlugin
2025-09-15 13:39:29,249 [INFO] PluginManager:220 - loadIPPluginJar : add dma
2025-09-15 13:39:29,259 [INFO] IPUIPlugin:80 - create IPUIPlugin
2025-09-15 13:39:29,260 [INFO] PluginManager:220 - loadIPPluginJar : add dma3
2025-09-15 13:39:29,266 [INFO] IPUIPlugin:80 - create IPUIPlugin
2025-09-15 13:39:29,267 [INFO] PluginManager:220 - loadIPPluginJar : add extmemmanager
2025-09-15 13:39:29,272 [INFO] IPUIPlugin:80 - create IPUIPlugin
2025-09-15 13:39:29,273 [INFO] PluginManager:220 - loadIPPluginJar : add fatfs
2025-09-15 13:39:29,290 [INFO] IPUIPlugin:80 - create IPUIPlugin
2025-09-15 13:39:29,291 [INFO] PluginManager:220 - loadIPPluginJar : add fmc
2025-09-15 13:39:29,310 [INFO] IPUIPlugin:80 - create IPUIPlugin
2025-09-15 13:39:29,311 [INFO] PluginManager:220 - loadIPPluginJar : add freertos
2025-09-15 13:39:29,314 [INFO] IPUIPlugin:80 - create IPUIPlugin
2025-09-15 13:39:29,314 [INFO] PluginManager:220 - loadIPPluginJar : add genericplugin
2025-09-15 13:39:29,320 [INFO] IPUIPlugin:80 - create IPUIPlugin
2025-09-15 13:39:29,321 [INFO] PluginManager:220 - loadIPPluginJar : add gfxmmu
2025-09-15 13:39:29,336 [INFO] IPUIPlugin:80 - create IPUIPlugin
2025-09-15 13:39:29,338 [INFO] PluginManager:220 - loadIPPluginJar : add gic
2025-09-15 13:39:29,352 [INFO] IPUIPlugin:80 - create IPUIPlugin
2025-09-15 13:39:29,353 [INFO] PluginManager:220 - loadIPPluginJar : add gpio
2025-09-15 13:39:29,362 [INFO] IPUIPlugin:80 - create IPUIPlugin
2025-09-15 13:39:29,363 [INFO] PluginManager:220 - loadIPPluginJar : add gtzc
2025-09-15 13:39:29,372 [INFO] IPUIPlugin:80 - create IPUIPlugin
2025-09-15 13:39:29,373 [INFO] PluginManager:220 - loadIPPluginJar : add hash
2025-09-15 13:39:29,384 [INFO] IPUIPlugin:80 - create IPUIPlugin
2025-09-15 13:39:29,385 [INFO] PluginManager:220 - loadIPPluginJar : add i2c
2025-09-15 13:39:29,396 [INFO] IPUIPlugin:80 - create IPUIPlugin
2025-09-15 13:39:29,396 [INFO] PluginManager:220 - loadIPPluginJar : add i2s
2025-09-15 13:39:29,408 [INFO] IPUIPlugin:80 - create IPUIPlugin
2025-09-15 13:39:29,409 [INFO] PluginManager:220 - loadIPPluginJar : add i3c
2025-09-15 13:39:29,420 [INFO] IPUIPlugin:80 - create IPUIPlugin
2025-09-15 13:39:29,421 [INFO] PluginManager:220 - loadIPPluginJar : add ipddr
2025-09-15 13:39:29,445 [INFO] IPUIPlugin:80 - create IPUIPlugin
2025-09-15 13:39:29,445 [INFO] PluginManager:220 - loadIPPluginJar : add linkedlist
2025-09-15 13:39:29,459 [INFO] IPUIPlugin:80 - create IPUIPlugin
2025-09-15 13:39:29,459 [INFO] PluginManager:220 - loadIPPluginJar : add lorawan
2025-09-15 13:39:29,465 [INFO] IPUIPlugin:80 - create IPUIPlugin
2025-09-15 13:39:29,466 [INFO] PluginManager:220 - loadIPPluginJar : add ltdc
2025-09-15 13:39:29,491 [INFO] IPUIPlugin:80 - create IPUIPlugin
2025-09-15 13:39:29,492 [INFO] PluginManager:220 - loadIPPluginJar : add mdma
2025-09-15 13:39:29,509 [INFO] IPUIPlugin:80 - create IPUIPlugin
2025-09-15 13:39:29,509 [INFO] PluginManager:220 - loadIPPluginJar : add nvic
2025-09-15 13:39:29,521 [INFO] IPUIPlugin:80 - create IPUIPlugin
2025-09-15 13:39:29,522 [INFO] PluginManager:220 - loadIPPluginJar : add opamp
2025-09-15 13:39:29,534 [INFO] IPUIPlugin:80 - create IPUIPlugin
2025-09-15 13:39:29,534 [INFO] PluginManager:220 - loadIPPluginJar : add openamp
2025-09-15 13:39:29,546 [INFO] IPUIPlugin:80 - create IPUIPlugin
2025-09-15 13:39:29,547 [INFO] PluginManager:220 - loadIPPluginJar : add pdm2pcm
2025-09-15 13:39:29,567 [INFO] IPUIPlugin:80 - create IPUIPlugin
2025-09-15 13:39:29,578 [INFO] PluginManager:220 - loadIPPluginJar : add plateformsettings
2025-09-15 13:39:29,583 [INFO] IPUIPlugin:80 - create IPUIPlugin
2025-09-15 13:39:29,584 [INFO] PluginManager:220 - loadIPPluginJar : add quadspi
2025-09-15 13:39:29,592 [INFO] IPUIPlugin:80 - create IPUIPlugin
2025-09-15 13:39:29,597 [INFO] PluginManager:220 - loadIPPluginJar : add radio
2025-09-15 13:39:29,612 [INFO] IPUIPlugin:80 - create IPUIPlugin
2025-09-15 13:39:29,612 [INFO] PluginManager:220 - loadIPPluginJar : add resmgrutility
2025-09-15 13:39:29,626 [INFO] IPUIPlugin:80 - create IPUIPlugin
2025-09-15 13:39:29,626 [INFO] PluginManager:220 - loadIPPluginJar : add sai
2025-09-15 13:39:29,642 [INFO] IPUIPlugin:80 - create IPUIPlugin
2025-09-15 13:39:29,642 [INFO] PluginManager:220 - loadIPPluginJar : add spi
2025-09-15 13:39:29,668 [INFO] IPUIPlugin:80 - create IPUIPlugin
2025-09-15 13:39:29,669 [INFO] PluginManager:220 - loadIPPluginJar : add stm32_wpan
2025-09-15 13:39:29,676 [INFO] IPUIPlugin:80 - create IPUIPlugin
2025-09-15 13:39:29,677 [INFO] PluginManager:220 - loadIPPluginJar : add tim
2025-09-15 13:39:29,690 [INFO] IPUIPlugin:80 - create IPUIPlugin
2025-09-15 13:39:29,691 [INFO] PluginManager:220 - loadIPPluginJar : add touchsensing
2025-09-15 13:39:29,698 [INFO] IPUIPlugin:80 - create IPUIPlugin
2025-09-15 13:39:29,698 [INFO] PluginManager:220 - loadIPPluginJar : add tracer_emb
2025-09-15 13:39:29,706 [INFO] IPUIPlugin:80 - create IPUIPlugin
2025-09-15 13:39:29,706 [INFO] PluginManager:220 - loadIPPluginJar : add ts
2025-09-15 13:39:29,711 [INFO] IPUIPlugin:80 - create IPUIPlugin
2025-09-15 13:39:29,712 [INFO] PluginManager:220 - loadIPPluginJar : add tsc
2025-09-15 13:39:29,720 [INFO] IPUIPlugin:80 - create IPUIPlugin
2025-09-15 13:39:29,721 [INFO] PluginManager:220 - loadIPPluginJar : add ucpd
2025-09-15 13:39:29,731 [INFO] IPUIPlugin:80 - create IPUIPlugin
2025-09-15 13:39:29,732 [INFO] PluginManager:220 - loadIPPluginJar : add usart
2025-09-15 13:39:29,743 [INFO] IPUIPlugin:80 - create IPUIPlugin
2025-09-15 13:39:29,744 [INFO] PluginManager:220 - loadIPPluginJar : add usbx
2025-09-15 13:39:30,014 [FATAL] Updater:351 - Updater called before beeing initialized
2025-09-15 13:39:30,081 [INFO] RulesReader:64 - Compatibility file has been processed (302 Rules)
2025-09-15 13:39:30,109 [INFO] RulesReader:64 - Compatibility file has been processed (302 Rules)
2025-09-15 13:39:30,138 [INFO] CADModel:165 - CPN selected for project level
2025-09-15 13:39:30,139 [INFO] CADModel:114 - Register for checkConnection events
2025-09-15 13:39:30,139 [FATAL] Updater:351 - Updater called before beeing initialized
2025-09-15 13:39:30,139 [ERROR] CADModel:125 - Updater not yet initialized, retry later 
2025-09-15 13:39:30,724 [FATAL] Updater:351 - Updater called before beeing initialized
2025-09-15 13:39:30,730 [INFO] CADModel:165 - CPN selected for project level
2025-09-15 13:39:30,730 [INFO] CADModel:114 - Register for checkConnection events
2025-09-15 13:39:30,730 [FATAL] Updater:351 - Updater called before beeing initialized
2025-09-15 13:39:30,730 [ERROR] CADModel:125 - Updater not yet initialized, retry later 
2025-09-15 13:39:30,741 [INFO] ThirdPartyUpdaterWithRetryManager:70 - Updater plugin not ready yet. [2/15]
2025-09-15 13:39:30,741 [FATAL] Updater:351 - Updater called before beeing initialized
2025-09-15 13:39:31,173 [FATAL] Updater:351 - Updater called before beeing initialized
2025-09-15 13:39:31,185 [INFO] DbMcusAds:53 - JSON generation date=Tue Jul 08 13:44:23 IST 2025 (1751962463582)
2025-09-15 13:39:31,186 [FATAL] Updater:351 - Updater called before beeing initialized
2025-09-15 13:39:31,278 [WARN] DetailPanel:346 - Failed to get advertising image, set to default
2025-09-15 13:39:31,790 [FATAL] Updater:351 - Updater called before beeing initialized
2025-09-15 13:39:31,796 [FATAL] Updater:351 - Updater called before beeing initialized
2025-09-15 13:39:31,796 [FATAL] Updater:351 - Updater called before beeing initialized
2025-09-15 13:39:31,796 [WARN] DetailPanel:346 - Failed to get advertising image, set to default
2025-09-15 13:39:31,798 [FATAL] Updater:351 - Updater called before beeing initialized
2025-09-15 13:39:31,913 [ERROR] Updater:1198 - MainUpdater not yet initialized. External WinMGr cannot be set.
2025-09-15 13:39:31,920 [INFO] Updater:1134 - Updater Version found : 6.14.1
2025-09-15 13:39:31,970 [INFO] ApplicationProperties:184 - Using Application install path: D:\STM32CubeIDE_1.18.1\STM32CubeIDE\plugins\com.st.stm32cube.common.mx_6.14.1.202504091515
2025-09-15 13:39:32,952 [INFO] MainUpdater:2872 - connection check result : 10
2025-09-15 13:39:32,952 [INFO] MainUpdater:3566 - Updater definition file requires update
2025-09-15 13:39:32,954 [INFO] MainUpdater:289 - Updater Check For Update Now.
2025-09-15 13:39:32,955 [INFO] MicroXplorer:498 - Change Database Version : DB.6.0.141
2025-09-15 13:39:32,967 [INFO] McuFinderGlobals:63 - Set McuFinder mode to 2 (CubeIDE integrated)
2025-09-15 13:39:32,968 [INFO] UserAuth:484 - Internet connection configuration mode: 1
2025-09-15 13:39:32,996 [INFO] JxBrowserEngine:152 - Initiate JxBrowser Engine with user profile folder
2025-09-15 13:39:33,136 [INFO] ServerAccessManage:473 - Download File updaters.zip
2025-09-15 13:39:33,304 [INFO] FileExtend:242 - Unzip File : updaters.zip
2025-09-15 13:39:33,304 [INFO] FileExtend:257 - Standard Zip Deflate
2025-09-15 13:39:33,744 [WARN] MainUpdater:1193 - Updater busy. Cannot search thirdparties
2025-09-15 13:39:33,745 [INFO] ThirdPartyUpdaterWithRetryManager:96 - Updater plugin is busy. [1/15]
2025-09-15 13:39:35,108 [INFO] ServerAccessManage:473 - Download File PacksControlFlags.xml
2025-09-15 13:39:35,348 [INFO] ServerAccessManage:473 - Download File cubemx.pidx
2025-09-15 13:39:35,841 [INFO] LoadServerUpdatesThread:375 - End of LoadServerUpdate Thread
2025-09-15 13:39:36,208 [INFO] CheckServerUpdateThread:120 - End of CheckServer Thread
2025-09-15 13:39:38,023 [WARN] PackLoader:240 - Cannot read IP mode file for STMicroelectronics.FP-SNS-MOTENVWB1.1.4.0
2025-09-15 13:39:38,069 [WARN] PackLoader:240 - Cannot read IP mode file for STMicroelectronics.FP-ATR-ASTRA1.2.0.2
2025-09-15 13:39:38,083 [WARN] PackLoader:240 - Cannot read IP mode file for STMicroelectronics.FP-ATR-ASTRA1.2.0.1
2025-09-15 13:39:38,125 [WARN] PackLoader:240 - Cannot read IP mode file for STMicroelectronics.X-CUBE-SMBUS.2.1.0
2025-09-15 13:39:38,170 [WARN] PackLoader:240 - Cannot read IP mode file for STMicroelectronics.X-CUBE-WB05N.1.1.0
2025-09-15 13:39:38,219 [WARN] PackLoader:240 - Cannot read IP mode file for STMicroelectronics.X-CUBE-ST60.1.0.0
2025-09-15 13:39:38,229 [INFO] WebApp:169 - Instantiating new browser for Auth
2025-09-15 13:39:38,372 [WARN] PackLoader:240 - Cannot read IP mode file for STMicroelectronics.X-CUBE-AZRTOS-F7.1.1.0
2025-09-15 13:39:38,461 [WARN] PackLoader:240 - Cannot read IP mode file for STMicroelectronics.FP-SNS-FLIGHT1.5.0.2
2025-09-15 13:39:38,620 [WARN] PackLoader:240 - Cannot read IP mode file for Infineon.AIROC-Wi-Fi-Bluetooth-STM32.1.7.0
2025-09-15 13:39:38,920 [WARN] PackLoader:240 - Cannot read IP mode file for STMicroelectronics.X-CUBE-AZRTOS-H7.3.4.0
2025-09-15 13:39:39,020 [WARN] PackLoader:240 - Cannot read IP mode file for STMicroelectronics.X-CUBE-DISPLAY.3.0.0
2025-09-15 13:39:39,063 [WARN] PackLoader:240 - Cannot read IP mode file for STMicroelectronics.X-CUBE-BLE1.7.0.0
2025-09-15 13:39:39,092 [WARN] PackLoader:240 - Cannot read IP mode file for STMicroelectronics.X-CUBE-NFC10.1.0.0
2025-09-15 13:39:39,144 [WARN] PackLoader:240 - Cannot read IP mode file for STMicroelectronics.X-CUBE-BLEMGR.4.0.0
2025-09-15 13:39:39,216 [WARN] PackLoader:240 - Cannot read IP mode file for emotas.I-CUBE-CANOPEN.1.3.0
2025-09-15 13:39:39,240 [WARN] PackLoader:240 - Cannot read IP mode file for STMicroelectronics.X-CUBE-AI.10.0.0
2025-09-15 13:39:39,263 [ERROR] Engine:466 - C:\Users\Anis\.stm32cubemx\thirdparties\pdsc\STMicroelectronics.FP-SNS-STBOX1.2.1.0.pdsc: PDSC version is not supported
2025-09-15 13:39:39,281 [WARN] PackLoader:240 - Cannot read IP mode file for STMicroelectronics.FP-SNS-SMARTAG2.1.2.0
2025-09-15 13:39:39,299 [WARN] PackLoader:240 - Cannot read IP mode file for STMicroelectronics.FP-SNS-FLIGHT1.5.1.0
2025-09-15 13:39:39,647 [WARN] PackLoader:240 - Cannot read IP mode file for STMicroelectronics.X-CUBE-MEMS1.11.1.0
2025-09-15 13:39:40,364 [INFO] LogOutputStream:77 - [STDOUT_REDIRECT] 1 : Invalid condition id : UX_CORESTACK_Condition cause : null
2025-09-15 13:39:40,367 [INFO] LogOutputStream:77 - [STDOUT_REDIRECT] 1 : Invalid condition id : UX_CORESTACK_Condition cause : null
2025-09-15 13:39:40,375 [INFO] LogOutputStream:77 - [STDOUT_REDIRECT] 1 : Invalid condition id : UX_CORESTACK_Condition cause : null
2025-09-15 13:39:40,382 [INFO] LogOutputStream:77 - [STDOUT_REDIRECT] 1 : Invalid condition id : UX_CORESTACK_Condition cause : null
2025-09-15 13:39:40,386 [INFO] LogOutputStream:77 - [STDOUT_REDIRECT] 1 : Invalid condition id : UX_CORESTACK_Condition cause : null
2025-09-15 13:39:40,397 [WARN] PackLoader:240 - Cannot read IP mode file for STMicroelectronics.X-CUBE-AZRTOS-WL.2.0.0
2025-09-15 13:39:40,421 [WARN] PackLoader:240 - Cannot read IP mode file for STMicroelectronics.FP-SNS-MOTENV1.5.0.0
2025-09-15 13:39:40,440 [WARN] PackLoader:240 - Cannot read IP mode file for wolfSSL.I-CUBE-wolfMQTT.1.19.0
2025-09-15 13:39:40,462 [WARN] PackLoader:240 - Cannot read IP mode file for WES.I-CUBE-Cesium.1.3.0
2025-09-15 13:39:40,475 [WARN] PackLoader:240 - Cannot read IP mode file for STMicroelectronics.X-CUBE-BLE2.3.3.0
2025-09-15 13:39:40,494 [WARN] PackLoader:240 - Cannot read IP mode file for STMicroelectronics.X-CUBE-NFC9.1.0.0
2025-09-15 13:39:40,513 [WARN] PackLoader:240 - Cannot read IP mode file for STMicroelectronics.X-CUBE-BLE1.7.1.0
2025-09-15 13:39:40,541 [WARN] PackLoader:240 - Cannot read IP mode file for STMicroelectronics.X-CUBE-EEPRMA1.5.2.0
2025-09-15 13:39:40,555 [WARN] PackLoader:240 - Cannot read IP mode file for STMicroelectronics.X-CUBE-AI.10.1.0
2025-09-15 13:39:40,776 [WARN] PackLoader:240 - Cannot read IP mode file for STMicroelectronics.X-CUBE-MEMS1.11.2.0
2025-09-15 13:39:41,280 [WARN] PackLoader:240 - Cannot read IP mode file for STMicroelectronics.X-CUBE-AZRTOS-G0.1.1.0
2025-09-15 13:39:41,317 [WARN] PackLoader:240 - Cannot read IP mode file for STMicroelectronics.X-CUBE-SAFEA1.1.2.2
2025-09-15 13:39:41,347 [WARN] PackLoader:240 - Cannot read IP mode file for STMicroelectronics.X-CUBE-NFC4.3.0.0
2025-09-15 13:39:41,385 [WARN] PackLoader:240 - Cannot read IP mode file for EmbeddedOffice.I-CUBE-FS-RTOS.1.0.1
2025-09-15 13:39:41,411 [WARN] PackLoader:240 - Cannot read IP mode file for STMicroelectronics.X-CUBE-WB05N.2.0.0
2025-09-15 13:39:41,443 [WARN] PackLoader:240 - Cannot read IP mode file for STMicroelectronics.X-CUBE-TCPP.4.2.0
2025-09-15 13:39:41,480 [WARN] PackLoader:240 - Cannot read IP mode file for RealThread.X-CUBE-RT-Thread_Nano.4.1.1
2025-09-15 13:39:41,504 [WARN] PackLoader:240 - Cannot read IP mode file for STMicroelectronics.FP-ATR-SIGFOX1.3.2.0
2025-09-15 13:39:41,527 [WARN] ConditionMgr:438 - getConditionDescription Invalid condition id : Cortex-A Device cause : null
2025-09-15 13:39:41,570 [WARN] ConditionMgr:1044 - genDependencies : Invalid condition id : Cortex-A Device cause : null
2025-09-15 13:39:41,572 [WARN] ConditionMgr:1044 - genDependencies : Invalid condition id : Cortex-A Device cause : null
2025-09-15 13:39:41,573 [WARN] ConditionMgr:1044 - genDependencies : Invalid condition id : Cortex-A Device cause : null
2025-09-15 13:39:41,591 [WARN] PackLoader:240 - Cannot read IP mode file for STMicroelectronics.X-CUBE-EEPRMA1.5.1.0
2025-09-15 13:39:41,616 [WARN] PackLoader:240 - Cannot read IP mode file for wolfSSL.I-CUBE-wolfSSL.5.7.4
2025-09-15 13:39:41,637 [WARN] PackLoader:240 - Cannot read IP mode file for ITTIA_DB.I-CUBE-ITTIADB.8.9.0
2025-09-15 13:39:41,695 [WARN] PackLoader:240 - Cannot read IP mode file for STMicroelectronics.X-CUBE-ST67W61.1.0.0
2025-09-15 13:39:41,749 [WARN] PackLoader:240 - Cannot read IP mode file for STMicroelectronics.X-CUBE-AI.10.2.0
2025-09-15 13:39:41,867 [WARN] PackLoader:240 - Cannot read IP mode file for SEGGER.I-CUBE-embOS.1.3.1
2025-09-15 13:39:42,146 [WARN] PackLoader:240 - Cannot read IP mode file for STMicroelectronics.X-CUBE-ALGOBUILD.1.4.0
2025-09-15 13:39:42,297 [WARN] PackLoader:240 - Cannot read IP mode file for STMicroelectronics.X-CUBE-MEMS1.11.3.0
2025-09-15 13:39:42,977 [WARN] PackLoader:240 - Cannot read IP mode file for STMicroelectronics.X-CUBE-AI.9.1.0
2025-09-15 13:39:43,006 [WARN] PackLoader:240 - Cannot read IP mode file for STMicroelectronics.X-CUBE-PM33A1.1.0.0
2025-09-15 13:39:43,241 [WARN] PackLoader:240 - Cannot read IP mode file for STMicroelectronics.X-CUBE-AZRTOS-F4.1.1.0
2025-09-15 13:39:43,277 [WARN] PackLoader:240 - Cannot read IP mode file for Avnet-IotConnect.X-CUBE-IoTC-DA16k-PMOD.1.0.0
2025-09-15 13:39:43,302 [WARN] PackLoader:240 - Cannot read IP mode file for STMicroelectronics.X-CUBE-ISPU.2.1.0
2025-09-15 13:39:43,373 [WARN] PackLoader:240 - Cannot read IP mode file for STMicroelectronics.X-CUBE-NFC12.1.0.0
2025-09-15 13:39:43,460 [WARN] PackLoader:240 - Cannot read IP mode file for STMicroelectronics.X-CUBE-AZRTOS-L5.2.0.0
2025-09-15 13:39:43,532 [WARN] PackLoader:240 - Cannot read IP mode file for STMicroelectronics.X-CUBE-NFC6.3.1.0
2025-09-15 13:39:43,561 [WARN] PackLoader:240 - Cannot read IP mode file for STMicroelectronics.X-CUBE-DPower.1.2.0
2025-09-15 13:39:43,616 [WARN] PackLoader:240 - Cannot read IP mode file for STMicroelectronics.X-CUBE-FREERTOS.1.3.1
2025-09-15 13:39:43,634 [WARN] PackLoader:240 - Cannot read IP mode file for STMicroelectronics.X-CUBE-FREERTOS.1.3.0
2025-09-15 13:39:43,652 [WARN] PackLoader:240 - Cannot read IP mode file for STMicroelectronics.X-CUBE-NFC7.1.0.1
2025-09-15 13:39:43,678 [WARN] PackLoader:240 - Cannot read IP mode file for STMicroelectronics.FP-SNS-STAIOTCFT.1.0.0
2025-09-15 13:39:43,696 [WARN] PackLoader:240 - Cannot read IP mode file for STMicroelectronics.X-CUBE-DPower.1.3.0
2025-09-15 13:39:43,751 [WARN] ConditionMgr:438 - getConditionDescription Invalid condition id : LAN8742 Phy interface Condition cause : null
2025-09-15 13:39:43,754 [WARN] PackLoader:240 - Cannot read IP mode file for STMicroelectronics.X-CUBE-AZRTOS-L4.2.0.0
2025-09-15 13:39:43,759 [WARN] ConditionMgr:1044 - genDependencies : Invalid condition id : LAN8742 Phy interface Condition cause : null
2025-09-15 13:39:43,760 [WARN] ConditionMgr:1044 - genDependencies : Invalid condition id : LAN8742 Phy interface Condition cause : null
2025-09-15 13:39:43,761 [WARN] ConditionMgr:1044 - genDependencies : Invalid condition id : LAN8742 Phy interface Condition cause : null
2025-09-15 13:39:43,786 [WARN] PackLoader:240 - Cannot read IP mode file for STMicroelectronics.X-CUBE-SFXS2LP1.4.0.0
2025-09-15 13:39:43,854 [WARN] PackLoader:240 - Cannot read IP mode file for STMicroelectronics.X-CUBE-AZRTOS-H7.3.3.0
2025-09-15 13:39:43,914 [WARN] PackLoader:240 - Cannot read IP mode file for STMicroelectronics.X-CUBE-BLEMGR.4.1.0
2025-09-15 13:39:43,965 [WARN] ConditionMgr:438 - getConditionDescription Invalid condition id : UX DEVICE CLASS RTOS Condition cause : null
2025-09-15 13:39:43,965 [WARN] ConditionMgr:438 - getConditionDescription Invalid condition id : UX DEVICE CLASS RTOS Condition cause : null
2025-09-15 13:39:43,974 [WARN] PackLoader:240 - Cannot read IP mode file for STMicroelectronics.X-CUBE-AZRTOS-WB.2.0.0
2025-09-15 13:39:43,976 [WARN] ConditionMgr:1044 - genDependencies : Invalid condition id : UX DEVICE CLASS RTOS Condition cause : null
2025-09-15 13:39:43,977 [WARN] ConditionMgr:1044 - genDependencies : Invalid condition id : UX DEVICE CLASS RTOS Condition cause : null
2025-09-15 13:39:43,980 [WARN] ConditionMgr:1044 - genDependencies : Invalid condition id : UX DEVICE CLASS RTOS Condition cause : null
2025-09-15 13:39:43,981 [WARN] ConditionMgr:1044 - genDependencies : Invalid condition id : UX DEVICE CLASS RTOS Condition cause : null
2025-09-15 13:39:43,982 [WARN] ConditionMgr:1044 - genDependencies : Invalid condition id : UX DEVICE CLASS RTOS Condition cause : null
2025-09-15 13:39:44,024 [WARN] PackLoader:240 - Cannot read IP mode file for STMicroelectronics.X-CUBE-GNSS1.7.0.1
2025-09-15 13:39:44,044 [WARN] PackLoader:240 - Cannot read IP mode file for STMicroelectronics.X-CUBE-TOUCHGFX.4.25.0
2025-09-15 13:39:44,071 [WARN] PackLoader:240 - Cannot read IP mode file for STMicroelectronics.FP-SNS-STBOX1.2.0.0
2025-09-15 13:39:44,127 [WARN] PackLoader:240 - Cannot read IP mode file for STMicroelectronics.X-CUBE-SUBG2.5.0.0
2025-09-15 13:39:44,207 [WARN] PackLoader:240 - Cannot read IP mode file for STMicroelectronics.X-CUBE-AZRTOS-H7RS.1.1.0
2025-09-15 13:39:44,233 [WARN] PackLoader:240 - Cannot read IP mode file for Cesanta.I-CUBE-Mongoose.7.13.0
2025-09-15 13:39:44,303 [WARN] PackLoader:240 - Cannot read IP mode file for STMicroelectronics.X-CUBE-AZRTOS-G4.2.0.0
2025-09-15 13:39:44,323 [WARN] PackLoader:240 - Cannot read IP mode file for STMicroelectronics.X-CUBE-NFC7.2.0.0
2025-09-15 13:39:44,361 [WARN] PackLoader:240 - Cannot read IP mode file for STMicroelectronics.X-CUBE-IPS.3.1.0
2025-09-15 13:39:44,393 [WARN] PackLoader:240 - Cannot read IP mode file for STMicroelectronics.X-CUBE-ALS.1.0.2
2025-09-15 13:39:44,411 [WARN] PackLoader:240 - Cannot read IP mode file for STMicroelectronics.X-CUBE-TOUCHGFX.4.24.2
2025-09-15 13:39:44,428 [WARN] PackLoader:240 - Cannot read IP mode file for STMicroelectronics.X-CUBE-STSE01.1.0.0
2025-09-15 13:39:44,443 [WARN] PackLoader:240 - Cannot read IP mode file for wolfSSL.I-CUBE-wolfTPM.3.4.0
2025-09-15 13:39:44,461 [WARN] PackLoader:240 - Cannot read IP mode file for portGmbH.I-Cube-SoM-uGOAL.1.1.0
2025-09-15 13:39:44,523 [WARN] PackLoader:240 - Cannot read IP mode file for STMicroelectronics.X-CUBE-AZRTOS-H7RS.1.0.0
2025-09-15 13:39:44,588 [WARN] PackLoader:240 - Cannot read IP mode file for STMicroelectronics.X-CUBE-TOF1.3.4.2
2025-09-15 13:39:44,659 [WARN] PackLoader:240 - Cannot read IP mode file for STMicroelectronics.X-CUBE-TOF1.3.4.3
2025-09-15 13:39:44,741 [WARN] PackLoader:240 - Cannot read IP mode file for wolfSSL.I-CUBE-wolfSSH.1.4.17
2025-09-15 13:39:44,743 [INFO] ThirdParty:978 - Integrity check success = true
2025-09-15 13:39:44,744 [INFO] IntegrityCheckThread:100 - exiting critical section [integrity check]
2025-09-15 13:39:44,744 [INFO] IntegrityCheckThread:103 - End integrity checks thread
2025-09-15 13:39:46,568 [INFO] WebApp:463 - Apply proxy settings
2025-09-15 13:39:46,580 [INFO] WebApp:508 - Chromium authenticates against Manually configured proxy
2025-09-15 13:39:46,614 [INFO] WebApp:516 - Username used for proxy authentication: 
2025-09-15 13:39:46,732 [INFO] WebApp:894 - Register for checkConnection events
2025-09-15 13:39:46,733 [INFO] WebApp:463 - Apply proxy settings
2025-09-15 13:39:46,745 [INFO] WebApp:508 - Chromium authenticates against Manually configured proxy
2025-09-15 13:39:46,748 [INFO] WebApp:516 - Username used for proxy authentication: 
2025-09-15 13:39:47,510 [INFO] WebApp:191 - Connection restablished
2025-09-15 13:39:48,037 [INFO] WebApp:225 - Starting web application
2025-09-15 13:39:48,038 [INFO] WebApp:593 - Web application path used D:\STM32CubeIDE_1.18.1\STM32CubeIDE\plugins\com.st.stm32cube.common.mx_6.14.1.202504091515\db\plugins\mcufinder\reactClient1\index.html
2025-09-15 13:39:49,125 [INFO] UserAuth:484 - Internet connection configuration mode: 1
2025-09-15 13:42:57,131 [INFO] WebApp:194 - Connection lost
2025-09-15 13:42:58,271 [INFO] WebApp:191 - Connection restablished
2025-09-15 13:47:54,606 [INFO] WebApp:194 - Connection lost
2025-09-15 13:47:56,459 [INFO] WebApp:191 - Connection restablished
2025-09-15 13:56:27,623 [INFO] WebApp:194 - Connection lost
2025-09-15 13:56:27,995 [INFO] WebApp:191 - Connection restablished
2025-09-15 13:57:36,134 [INFO] WebApp:194 - Connection lost
2025-09-15 13:57:36,846 [INFO] WebApp:191 - Connection restablished
2025-09-15 14:03:14,604 [INFO] WebApp:194 - Connection lost
2025-09-15 14:03:14,951 [INFO] WebApp:191 - Connection restablished
2025-09-15 14:18:41,147 [INFO] WebApp:194 - Connection lost
2025-09-15 14:18:41,799 [INFO] WebApp:191 - Connection restablished
2025-09-15 14:19:40,949 [ERROR] LogOutputStream:75 - [STDERR_REDIRECT] 
2025-09-15 21:32:17,837 [INFO] Activator:176 - 


2025-09-15 21:32:17,853 [INFO] Activator:177 - !SESSION log4j initialized
2025-09-15 21:32:29,380 [INFO] LogOutputStream:77 - [STDOUT_REDIRECT] 
2025-09-15 21:32:31,576 [INFO] ApplicationProperties:184 - Using Application install path: D:\STM32CubeIDE_1.18.1\STM32CubeIDE\plugins\com.st.stm32cube.common.mx_6.14.1.202504091515
2025-09-15 21:32:31,625 [INFO] DbMcusXml:78 - Set database path to: D:\STM32CubeIDE_1.18.1\STM32CubeIDE\plugins\com.st.stm32cube.common.mx_6.14.1.202504091515\\db\/mcu/
2025-09-15 21:32:31,626 [INFO] ApiDb:274 - Set plugin database path to: D:\STM32CubeIDE_1.18.1\STM32CubeIDE\plugins\com.st.stm32cube.common.mx_6.14.1.202504091515\\db\/plugins/boardmanager/
2025-09-15 21:32:31,626 [WARN] ApiDb:259 - Overriding images path with different value:  => D:\STM32CubeIDE_1.18.1\STM32CubeIDE\plugins\com.st.stm32cube.common.mx_6.14.1.202504091515\\db\/plugins/mcufinder/images/
2025-09-15 21:32:31,643 [INFO] ApiDb:250 - Set database path to: C:\Users\Anis\.stmcufinder\plugins\mcufinder//mcu/
2025-09-15 21:32:31,647 [INFO] DbMcusAds:125 - Set database path to: C:\Users\Anis\.stmcufinder\plugins\mcufinder//mcu/
2025-09-15 21:32:31,654 [INFO] CrossReferenceDbSqlite:203 - Set database path to: C:\Users\Anis\.stmcufinder\plugins\mcufinder//mcu/cs/
2025-09-15 21:32:32,048 [INFO] RulesReader:64 - Compatibility file has been processed (302 Rules)
2025-09-15 21:32:32,459 [INFO] DbMcusXml:78 - Set database path to: D:\STM32CubeIDE_1.18.1\STM32CubeIDE\plugins\com.st.stm32cube.common.mx_6.14.1.202504091515\\db\/mcu/
2025-09-15 21:32:32,460 [INFO] ApiDb:274 - Set plugin database path to: D:\STM32CubeIDE_1.18.1\STM32CubeIDE\plugins\com.st.stm32cube.common.mx_6.14.1.202504091515\\db\/plugins/boardmanager/
2025-09-15 21:32:32,460 [INFO] ApiDb:261 - Set plugin images path to: D:\STM32CubeIDE_1.18.1\STM32CubeIDE\plugins\com.st.stm32cube.common.mx_6.14.1.202504091515\\db\/plugins/mcufinder/images/
2025-09-15 21:32:32,461 [WARN] DbFile:41 - Overriding database path with different value: C:\Users\Anis\.stmcufinder\plugins\mcufinder/ => C:\Users\Anis\.stmcufinder\plugins\mcufinder
2025-09-15 21:32:32,462 [INFO] ApiDb:250 - Set database path to: C:\Users\Anis\.stmcufinder\plugins\mcufinder//mcu/
2025-09-15 21:32:32,462 [WARN] DbFile:41 - Overriding database path with different value: C:\Users\Anis\.stmcufinder\plugins\mcufinder/ => C:\Users\Anis\.stmcufinder\plugins\mcufinder
2025-09-15 21:32:32,463 [INFO] DbMcusAds:125 - Set database path to: C:\Users\Anis\.stmcufinder\plugins\mcufinder//mcu/
2025-09-15 21:32:32,463 [WARN] DbFile:41 - Overriding database path with different value: C:\Users\Anis\.stmcufinder\plugins\mcufinder/ => C:\Users\Anis\.stmcufinder\plugins\mcufinder
2025-09-15 21:32:32,463 [WARN] DbFile:41 - Overriding database path with different value: C:\Users\Anis\.stmcufinder\plugins\mcufinder/ => C:\Users\Anis\.stmcufinder\plugins\mcufinder
2025-09-15 21:32:32,464 [INFO] CrossReferenceDbSqlite:203 - Set database path to: C:\Users\Anis\.stmcufinder\plugins\mcufinder//mcu/cs/
2025-09-15 21:32:32,707 [INFO] MainPanel:272 - HeapMemory: 268435456
2025-09-15 21:32:32,907 [INFO] DbMcusXml:78 - Set database path to: D:\STM32CubeIDE_1.18.1\STM32CubeIDE\plugins\com.st.stm32cube.common.mx_6.14.1.202504091515\\db\/mcu/
2025-09-15 21:32:32,907 [INFO] ApiDb:274 - Set plugin database path to: D:\STM32CubeIDE_1.18.1\STM32CubeIDE\plugins\com.st.stm32cube.common.mx_6.14.1.202504091515\\db\/plugins/boardmanager/
2025-09-15 21:32:32,907 [INFO] ApiDb:261 - Set plugin images path to: D:\STM32CubeIDE_1.18.1\STM32CubeIDE\plugins\com.st.stm32cube.common.mx_6.14.1.202504091515\\db\/plugins/mcufinder/images/
2025-09-15 21:32:32,908 [WARN] DbFile:41 - Overriding database path with different value: C:\Users\Anis\.stmcufinder\plugins\mcufinder/ => C:\Users\Anis\.stmcufinder\plugins\mcufinder
2025-09-15 21:32:32,908 [INFO] ApiDb:250 - Set database path to: C:\Users\Anis\.stmcufinder\plugins\mcufinder//mcu/
2025-09-15 21:32:32,908 [WARN] DbFile:41 - Overriding database path with different value: C:\Users\Anis\.stmcufinder\plugins\mcufinder/ => C:\Users\Anis\.stmcufinder\plugins\mcufinder
2025-09-15 21:32:32,908 [INFO] DbMcusAds:125 - Set database path to: C:\Users\Anis\.stmcufinder\plugins\mcufinder//mcu/
2025-09-15 21:32:32,908 [WARN] DbFile:41 - Overriding database path with different value: C:\Users\Anis\.stmcufinder\plugins\mcufinder/ => C:\Users\Anis\.stmcufinder\plugins\mcufinder
2025-09-15 21:32:32,909 [WARN] DbFile:41 - Overriding database path with different value: C:\Users\Anis\.stmcufinder\plugins\mcufinder/ => C:\Users\Anis\.stmcufinder\plugins\mcufinder
2025-09-15 21:32:32,909 [INFO] CrossReferenceDbSqlite:203 - Set database path to: C:\Users\Anis\.stmcufinder\plugins\mcufinder//mcu/cs/
2025-09-15 21:32:32,944 [INFO] ApplicationProperties:184 - Using Application install path: D:\STM32CubeIDE_1.18.1\STM32CubeIDE\plugins\com.st.stm32cube.common.mx_6.14.1.202504091515
2025-09-15 21:32:32,945 [INFO] PluginManage:196 - Search for loadable plugins [exclusion list=, ]
2025-09-15 21:32:32,948 [INFO] PluginManage:310 - Check plugin analytics
2025-09-15 21:32:33,281 [INFO] AnalyticsPlugin:253 - Accepted Software Licenses: 
2025-09-15 21:32:33,282 [INFO] AnalyticsPlugin:255 - Accepted CMSIS Pack Licenses: 
2025-09-15 21:32:33,282 [INFO] AnalyticsPlugin:257 - Accepted Firmware Licenses: FW.F4.1.28.0
2025-09-15 21:32:33,290 [INFO] PluginManage:359 - Loaded plugin analytics (category:tool,tabindex:-1)
2025-09-15 21:32:33,291 [INFO] PluginManage:310 - Check plugin cadmodel
2025-09-15 21:32:33,304 [INFO] CADModel:105 - Init CAD model plugin
2025-09-15 21:32:33,304 [INFO] PluginManage:359 - Loaded plugin cadmodel (category:power,tabindex:5)
2025-09-15 21:32:33,304 [INFO] PluginManage:310 - Check plugin clock
2025-09-15 21:32:33,328 [INFO] PluginManage:359 - Loaded plugin clock (category:base,tabindex:2)
2025-09-15 21:32:33,329 [INFO] PluginManage:310 - Check plugin ddr
2025-09-15 21:32:33,333 [INFO] PluginManage:359 - Loaded plugin ddr (category:tool,tabindex:6)
2025-09-15 21:32:33,334 [INFO] PluginManage:310 - Check plugin filemanager
2025-09-15 21:32:33,618 [INFO] PluginManage:359 - Loaded plugin filemanager (category:base,tabindex:10)
2025-09-15 21:32:33,618 [INFO] PluginManage:310 - Check plugin ipmanager
2025-09-15 21:32:33,629 [INFO] PluginManage:359 - Loaded plugin ipmanager (category:base,tabindex:5)
2025-09-15 21:32:33,629 [INFO] PluginManage:310 - Check plugin lpbam
2025-09-15 21:32:33,643 [INFO] PluginManage:359 - Loaded plugin lpbam (category:base,tabindex:0)
2025-09-15 21:32:33,643 [INFO] PluginManage:310 - Check plugin memorymap
2025-09-15 21:32:33,667 [INFO] PluginManage:359 - Loaded plugin memorymap (category:base,tabindex:4)
2025-09-15 21:32:33,667 [INFO] PluginManage:310 - Check plugin pinoutandconfiguration
2025-09-15 21:32:33,682 [INFO] PluginManage:359 - Loaded plugin pinoutandconfiguration (category:base,tabindex:1)
2025-09-15 21:32:33,683 [INFO] PluginManage:310 - Check plugin pinoutconfig
2025-09-15 21:32:33,900 [WARN] SupportedApi:132 - Cannot load RTOS API schema: s4s-elt-must-match.1: The content of 'definitions' must match (annotation?, (simpleType | complexType)?, (unique | key | keyref)*)). A problem was found starting at: attribute.
2025-09-15 21:32:34,196 [INFO] PluginManage:359 - Loaded plugin pinoutconfig (category:base,tabindex:0)
2025-09-15 21:32:34,197 [INFO] PluginManage:310 - Check plugin power
2025-09-15 21:32:34,232 [INFO] PluginManage:359 - Loaded plugin power (category:power,tabindex:4)
2025-09-15 21:32:34,232 [INFO] PluginManage:310 - Check plugin projectmanager
2025-09-15 21:32:34,267 [INFO] PluginManage:359 - Loaded plugin projectmanager (category:projectmanager,tabindex:4)
2025-09-15 21:32:34,267 [INFO] PluginManage:310 - Check plugin rif
2025-09-15 21:32:34,287 [INFO] PluginManage:359 - Loaded plugin rif (category:base,tabindex:3)
2025-09-15 21:32:34,288 [INFO] PluginManage:310 - Check plugin thirdparty
2025-09-15 21:32:34,777 [WARN] IntegrityCheckThread:84 - waiting for thirdparty lock release [integrity check]
2025-09-15 21:32:34,778 [INFO] IntegrityCheckThread:86 - entering critical section [integrity check]
2025-09-15 21:32:34,779 [INFO] PluginManage:359 - Loaded plugin thirdparty (category:base,tabindex:-1)
2025-09-15 21:32:34,779 [INFO] PluginManage:310 - Check plugin tools
2025-09-15 21:32:34,780 [INFO] ThirdPartyUpdaterWithRetryManager:70 - Updater plugin not ready yet. [1/15]
2025-09-15 21:32:34,786 [INFO] PluginManage:359 - Loaded plugin tools (category:base,tabindex:7)
2025-09-15 21:32:34,787 [INFO] PluginManage:310 - Check plugin tutovideos
2025-09-15 21:32:35,133 [INFO] PluginManage:359 - Loaded plugin tutovideos (category:base,tabindex:-1)
2025-09-15 21:32:35,133 [INFO] PluginManage:310 - Check plugin updater
2025-09-15 21:32:35,184 [INFO] PluginManage:359 - Loaded plugin updater (category:base,tabindex:12)
2025-09-15 21:32:35,184 [INFO] PluginManage:310 - Check plugin userauth
2025-09-15 21:32:35,194 [INFO] UserAuth:118 - Init User Auth plugin
2025-09-15 21:32:35,196 [INFO] PluginManage:359 - Loaded plugin userauth (category:base,tabindex:14)
2025-09-15 21:32:35,197 [INFO] PluginManage:283 - PluginManage : Loaded plugins [18]
2025-09-15 21:32:35,641 [INFO] PinOutPanel:1589 - setPackage(No Configuration,No Configuration)
2025-09-15 21:32:35,800 [INFO] CADModel:165 - CPN selected for project level
2025-09-15 21:32:35,801 [INFO] CADModel:114 - Register for checkConnection events
2025-09-15 21:32:35,846 [INFO] IPUIPlugin:80 - create IPUIPlugin
2025-09-15 21:32:35,847 [INFO] PluginManager:220 - loadIPPluginJar : add adc
2025-09-15 21:32:35,852 [INFO] IPUIPlugin:80 - create IPUIPlugin
2025-09-15 21:32:35,852 [INFO] PluginManager:220 - loadIPPluginJar : add aes
2025-09-15 21:32:35,858 [INFO] IPUIPlugin:80 - create IPUIPlugin
2025-09-15 21:32:35,858 [INFO] PluginManager:220 - loadIPPluginJar : add can
2025-09-15 21:32:35,863 [INFO] IPUIPlugin:80 - create IPUIPlugin
2025-09-15 21:32:35,863 [INFO] PluginManager:220 - loadIPPluginJar : add comp
2025-09-15 21:32:35,866 [INFO] IPUIPlugin:80 - create IPUIPlugin
2025-09-15 21:32:35,867 [INFO] PluginManager:220 - loadIPPluginJar : add cryp
2025-09-15 21:32:35,875 [INFO] IPUIPlugin:80 - create IPUIPlugin
2025-09-15 21:32:35,875 [INFO] PluginManager:220 - loadIPPluginJar : add ddr_ctrl_phy
2025-09-15 21:32:35,880 [INFO] IPUIPlugin:80 - create IPUIPlugin
2025-09-15 21:32:35,880 [INFO] PluginManager:220 - loadIPPluginJar : add dfsdm
2025-09-15 21:32:35,896 [INFO] IPUIPlugin:80 - create IPUIPlugin
2025-09-15 21:32:35,898 [INFO] PluginManager:220 - loadIPPluginJar : add dma
2025-09-15 21:32:35,905 [INFO] IPUIPlugin:80 - create IPUIPlugin
2025-09-15 21:32:35,906 [INFO] PluginManager:220 - loadIPPluginJar : add dma3
2025-09-15 21:32:35,913 [INFO] IPUIPlugin:80 - create IPUIPlugin
2025-09-15 21:32:35,914 [INFO] PluginManager:220 - loadIPPluginJar : add extmemmanager
2025-09-15 21:32:35,919 [INFO] IPUIPlugin:80 - create IPUIPlugin
2025-09-15 21:32:35,920 [INFO] PluginManager:220 - loadIPPluginJar : add fatfs
2025-09-15 21:32:35,934 [INFO] IPUIPlugin:80 - create IPUIPlugin
2025-09-15 21:32:35,934 [INFO] PluginManager:220 - loadIPPluginJar : add fmc
2025-09-15 21:32:35,950 [INFO] IPUIPlugin:80 - create IPUIPlugin
2025-09-15 21:32:35,950 [INFO] PluginManager:220 - loadIPPluginJar : add freertos
2025-09-15 21:32:35,953 [INFO] IPUIPlugin:80 - create IPUIPlugin
2025-09-15 21:32:35,954 [INFO] PluginManager:220 - loadIPPluginJar : add genericplugin
2025-09-15 21:32:35,959 [INFO] IPUIPlugin:80 - create IPUIPlugin
2025-09-15 21:32:35,959 [INFO] PluginManager:220 - loadIPPluginJar : add gfxmmu
2025-09-15 21:32:35,973 [INFO] IPUIPlugin:80 - create IPUIPlugin
2025-09-15 21:32:35,973 [INFO] PluginManager:220 - loadIPPluginJar : add gic
2025-09-15 21:32:35,983 [INFO] IPUIPlugin:80 - create IPUIPlugin
2025-09-15 21:32:35,983 [INFO] PluginManager:220 - loadIPPluginJar : add gpio
2025-09-15 21:32:35,990 [INFO] IPUIPlugin:80 - create IPUIPlugin
2025-09-15 21:32:35,990 [INFO] PluginManager:220 - loadIPPluginJar : add gtzc
2025-09-15 21:32:35,995 [INFO] IPUIPlugin:80 - create IPUIPlugin
2025-09-15 21:32:35,995 [INFO] PluginManager:220 - loadIPPluginJar : add hash
2025-09-15 21:32:36,002 [INFO] IPUIPlugin:80 - create IPUIPlugin
2025-09-15 21:32:36,002 [INFO] PluginManager:220 - loadIPPluginJar : add i2c
2025-09-15 21:32:36,008 [INFO] IPUIPlugin:80 - create IPUIPlugin
2025-09-15 21:32:36,009 [INFO] PluginManager:220 - loadIPPluginJar : add i2s
2025-09-15 21:32:36,016 [INFO] IPUIPlugin:80 - create IPUIPlugin
2025-09-15 21:32:36,016 [INFO] PluginManager:220 - loadIPPluginJar : add i3c
2025-09-15 21:32:36,025 [INFO] IPUIPlugin:80 - create IPUIPlugin
2025-09-15 21:32:36,026 [INFO] PluginManager:220 - loadIPPluginJar : add ipddr
2025-09-15 21:32:36,050 [INFO] IPUIPlugin:80 - create IPUIPlugin
2025-09-15 21:32:36,050 [INFO] PluginManager:220 - loadIPPluginJar : add linkedlist
2025-09-15 21:32:36,059 [INFO] IPUIPlugin:80 - create IPUIPlugin
2025-09-15 21:32:36,060 [INFO] PluginManager:220 - loadIPPluginJar : add lorawan
2025-09-15 21:32:36,064 [INFO] IPUIPlugin:80 - create IPUIPlugin
2025-09-15 21:32:36,065 [INFO] PluginManager:220 - loadIPPluginJar : add ltdc
2025-09-15 21:32:36,079 [INFO] IPUIPlugin:80 - create IPUIPlugin
2025-09-15 21:32:36,079 [INFO] PluginManager:220 - loadIPPluginJar : add mdma
2025-09-15 21:32:36,090 [INFO] IPUIPlugin:80 - create IPUIPlugin
2025-09-15 21:32:36,090 [INFO] PluginManager:220 - loadIPPluginJar : add nvic
2025-09-15 21:32:36,098 [INFO] IPUIPlugin:80 - create IPUIPlugin
2025-09-15 21:32:36,099 [INFO] PluginManager:220 - loadIPPluginJar : add opamp
2025-09-15 21:32:36,103 [INFO] IPUIPlugin:80 - create IPUIPlugin
2025-09-15 21:32:36,104 [INFO] PluginManager:220 - loadIPPluginJar : add openamp
2025-09-15 21:32:36,111 [INFO] IPUIPlugin:80 - create IPUIPlugin
2025-09-15 21:32:36,111 [INFO] PluginManager:220 - loadIPPluginJar : add pdm2pcm
2025-09-15 21:32:36,124 [INFO] IPUIPlugin:80 - create IPUIPlugin
2025-09-15 21:32:36,130 [INFO] PluginManager:220 - loadIPPluginJar : add plateformsettings
2025-09-15 21:32:36,134 [INFO] IPUIPlugin:80 - create IPUIPlugin
2025-09-15 21:32:36,134 [INFO] PluginManager:220 - loadIPPluginJar : add quadspi
2025-09-15 21:32:36,138 [INFO] IPUIPlugin:80 - create IPUIPlugin
2025-09-15 21:32:36,141 [INFO] PluginManager:220 - loadIPPluginJar : add radio
2025-09-15 21:32:36,153 [INFO] IPUIPlugin:80 - create IPUIPlugin
2025-09-15 21:32:36,153 [INFO] PluginManager:220 - loadIPPluginJar : add resmgrutility
2025-09-15 21:32:36,162 [INFO] IPUIPlugin:80 - create IPUIPlugin
2025-09-15 21:32:36,162 [INFO] PluginManager:220 - loadIPPluginJar : add sai
2025-09-15 21:32:36,168 [INFO] IPUIPlugin:80 - create IPUIPlugin
2025-09-15 21:32:36,169 [INFO] PluginManager:220 - loadIPPluginJar : add spi
2025-09-15 21:32:36,180 [INFO] IPUIPlugin:80 - create IPUIPlugin
2025-09-15 21:32:36,180 [INFO] PluginManager:220 - loadIPPluginJar : add stm32_wpan
2025-09-15 21:32:36,185 [INFO] IPUIPlugin:80 - create IPUIPlugin
2025-09-15 21:32:36,185 [INFO] PluginManager:220 - loadIPPluginJar : add tim
2025-09-15 21:32:36,192 [INFO] IPUIPlugin:80 - create IPUIPlugin
2025-09-15 21:32:36,192 [INFO] PluginManager:220 - loadIPPluginJar : add touchsensing
2025-09-15 21:32:36,198 [INFO] IPUIPlugin:80 - create IPUIPlugin
2025-09-15 21:32:36,199 [INFO] PluginManager:220 - loadIPPluginJar : add tracer_emb
2025-09-15 21:32:36,204 [INFO] IPUIPlugin:80 - create IPUIPlugin
2025-09-15 21:32:36,204 [INFO] PluginManager:220 - loadIPPluginJar : add ts
2025-09-15 21:32:36,207 [INFO] IPUIPlugin:80 - create IPUIPlugin
2025-09-15 21:32:36,208 [INFO] PluginManager:220 - loadIPPluginJar : add tsc
2025-09-15 21:32:36,212 [INFO] IPUIPlugin:80 - create IPUIPlugin
2025-09-15 21:32:36,212 [INFO] PluginManager:220 - loadIPPluginJar : add ucpd
2025-09-15 21:32:36,217 [INFO] IPUIPlugin:80 - create IPUIPlugin
2025-09-15 21:32:36,217 [INFO] PluginManager:220 - loadIPPluginJar : add usart
2025-09-15 21:32:36,223 [INFO] IPUIPlugin:80 - create IPUIPlugin
2025-09-15 21:32:36,223 [INFO] PluginManager:220 - loadIPPluginJar : add usbx
2025-09-15 21:32:36,396 [FATAL] Updater:351 - Updater called before beeing initialized
2025-09-15 21:32:36,473 [INFO] RulesReader:64 - Compatibility file has been processed (302 Rules)
2025-09-15 21:32:36,489 [INFO] RulesReader:64 - Compatibility file has been processed (302 Rules)
2025-09-15 21:32:36,507 [INFO] CADModel:165 - CPN selected for project level
2025-09-15 21:32:36,508 [INFO] CADModel:114 - Register for checkConnection events
2025-09-15 21:32:36,508 [FATAL] Updater:351 - Updater called before beeing initialized
2025-09-15 21:32:36,508 [ERROR] CADModel:125 - Updater not yet initialized, retry later 
2025-09-15 21:32:36,872 [FATAL] Updater:351 - Updater called before beeing initialized
2025-09-15 21:32:36,878 [INFO] CADModel:165 - CPN selected for project level
2025-09-15 21:32:36,878 [INFO] CADModel:114 - Register for checkConnection events
2025-09-15 21:32:36,879 [FATAL] Updater:351 - Updater called before beeing initialized
2025-09-15 21:32:36,879 [ERROR] CADModel:125 - Updater not yet initialized, retry later 
2025-09-15 21:32:36,892 [FATAL] Updater:351 - Updater called before beeing initialized
2025-09-15 21:32:37,202 [FATAL] Updater:351 - Updater called before beeing initialized
2025-09-15 21:32:37,210 [INFO] DbMcusAds:53 - JSON generation date=Tue Jul 08 13:44:23 IST 2025 (1751962463582)
2025-09-15 21:32:37,210 [FATAL] Updater:351 - Updater called before beeing initialized
2025-09-15 21:32:37,273 [WARN] DetailPanel:346 - Failed to get advertising image, set to default
2025-09-15 21:32:37,644 [FATAL] Updater:351 - Updater called before beeing initialized
2025-09-15 21:32:37,647 [FATAL] Updater:351 - Updater called before beeing initialized
2025-09-15 21:32:37,647 [FATAL] Updater:351 - Updater called before beeing initialized
2025-09-15 21:32:37,648 [WARN] DetailPanel:346 - Failed to get advertising image, set to default
2025-09-15 21:32:37,648 [FATAL] Updater:351 - Updater called before beeing initialized
2025-09-15 21:32:37,724 [ERROR] Updater:1198 - MainUpdater not yet initialized. External WinMGr cannot be set.
2025-09-15 21:32:37,726 [INFO] Updater:1134 - Updater Version found : 6.14.1
2025-09-15 21:32:37,760 [INFO] ApplicationProperties:184 - Using Application install path: D:\STM32CubeIDE_1.18.1\STM32CubeIDE\plugins\com.st.stm32cube.common.mx_6.14.1.202504091515
2025-09-15 21:32:37,782 [INFO] ThirdPartyUpdaterWithRetryManager:70 - Updater plugin not ready yet. [2/15]
2025-09-15 21:32:38,563 [INFO] MainUpdater:2872 - connection check result : 10
2025-09-15 21:32:38,565 [INFO] MainUpdater:289 - Updater Check For Update Now.
2025-09-15 21:32:38,565 [INFO] MicroXplorer:498 - Change Database Version : DB.6.0.141
2025-09-15 21:32:38,584 [INFO] McuFinderGlobals:63 - Set McuFinder mode to 2 (CubeIDE integrated)
2025-09-15 21:32:38,587 [INFO] UserAuth:484 - Internet connection configuration mode: 1
2025-09-15 21:32:38,657 [INFO] JxBrowserEngine:152 - Initiate JxBrowser Engine with user profile folder
2025-09-15 21:32:38,867 [INFO] CheckServerUpdateThread:120 - End of CheckServer Thread
2025-09-15 21:32:40,432 [INFO] WebApp:169 - Instantiating new browser for Auth
2025-09-15 21:32:41,606 [WARN] PackLoader:240 - Cannot read IP mode file for STMicroelectronics.FP-SNS-MOTENVWB1.1.4.0
2025-09-15 21:32:41,662 [WARN] PackLoader:240 - Cannot read IP mode file for STMicroelectronics.FP-ATR-ASTRA1.2.0.2
2025-09-15 21:32:41,785 [WARN] PackLoader:240 - Cannot read IP mode file for STMicroelectronics.FP-ATR-ASTRA1.2.0.1
2025-09-15 21:32:41,821 [WARN] PackLoader:240 - Cannot read IP mode file for STMicroelectronics.X-CUBE-SMBUS.2.1.0
2025-09-15 21:32:41,863 [WARN] PackLoader:240 - Cannot read IP mode file for STMicroelectronics.X-CUBE-WB05N.1.1.0
2025-09-15 21:32:41,891 [WARN] PackLoader:240 - Cannot read IP mode file for STMicroelectronics.X-CUBE-ST60.1.0.0
2025-09-15 21:32:42,009 [WARN] PackLoader:240 - Cannot read IP mode file for STMicroelectronics.X-CUBE-AZRTOS-F7.1.1.0
2025-09-15 21:32:42,046 [WARN] PackLoader:240 - Cannot read IP mode file for STMicroelectronics.FP-SNS-FLIGHT1.5.0.2
2025-09-15 21:32:42,133 [WARN] PackLoader:240 - Cannot read IP mode file for Infineon.AIROC-Wi-Fi-Bluetooth-STM32.1.7.0
2025-09-15 21:32:42,259 [WARN] PackLoader:240 - Cannot read IP mode file for STMicroelectronics.X-CUBE-AZRTOS-H7.3.4.0
2025-09-15 21:32:42,295 [WARN] PackLoader:240 - Cannot read IP mode file for STMicroelectronics.X-CUBE-DISPLAY.3.0.0
2025-09-15 21:32:42,320 [WARN] PackLoader:240 - Cannot read IP mode file for STMicroelectronics.X-CUBE-BLE1.7.0.0
2025-09-15 21:32:42,344 [WARN] PackLoader:240 - Cannot read IP mode file for STMicroelectronics.X-CUBE-NFC10.1.0.0
2025-09-15 21:32:42,387 [WARN] PackLoader:240 - Cannot read IP mode file for STMicroelectronics.X-CUBE-BLEMGR.4.0.0
2025-09-15 21:32:42,422 [WARN] PackLoader:240 - Cannot read IP mode file for emotas.I-CUBE-CANOPEN.1.3.0
2025-09-15 21:32:42,463 [WARN] PackLoader:240 - Cannot read IP mode file for STMicroelectronics.X-CUBE-AI.10.0.0
2025-09-15 21:32:42,485 [ERROR] Engine:466 - C:\Users\Anis\.stm32cubemx\thirdparties\pdsc\STMicroelectronics.FP-SNS-STBOX1.2.1.0.pdsc: PDSC version is not supported
2025-09-15 21:32:42,502 [WARN] PackLoader:240 - Cannot read IP mode file for STMicroelectronics.FP-SNS-SMARTAG2.1.2.0
2025-09-15 21:32:42,516 [WARN] PackLoader:240 - Cannot read IP mode file for STMicroelectronics.FP-SNS-FLIGHT1.5.1.0
2025-09-15 21:32:42,612 [WARN] PackLoader:240 - Cannot read IP mode file for STMicroelectronics.X-CUBE-MEMS1.11.1.0
2025-09-15 21:32:43,121 [INFO] LogOutputStream:77 - [STDOUT_REDIRECT] 1 : Invalid condition id : UX_CORESTACK_Condition cause : null
2025-09-15 21:32:43,127 [INFO] LogOutputStream:77 - [STDOUT_REDIRECT] 1 : Invalid condition id : UX_CORESTACK_Condition cause : null
2025-09-15 21:32:43,135 [INFO] LogOutputStream:77 - [STDOUT_REDIRECT] 1 : Invalid condition id : UX_CORESTACK_Condition cause : null
2025-09-15 21:32:43,142 [INFO] LogOutputStream:77 - [STDOUT_REDIRECT] 1 : Invalid condition id : UX_CORESTACK_Condition cause : null
2025-09-15 21:32:43,150 [INFO] LogOutputStream:77 - [STDOUT_REDIRECT] 1 : Invalid condition id : UX_CORESTACK_Condition cause : null
2025-09-15 21:32:43,167 [WARN] PackLoader:240 - Cannot read IP mode file for STMicroelectronics.X-CUBE-AZRTOS-WL.2.0.0
2025-09-15 21:32:43,188 [WARN] PackLoader:240 - Cannot read IP mode file for STMicroelectronics.FP-SNS-MOTENV1.5.0.0
2025-09-15 21:32:43,211 [WARN] PackLoader:240 - Cannot read IP mode file for wolfSSL.I-CUBE-wolfMQTT.1.19.0
2025-09-15 21:32:43,245 [WARN] PackLoader:240 - Cannot read IP mode file for WES.I-CUBE-Cesium.1.3.0
2025-09-15 21:32:43,391 [WARN] PackLoader:240 - Cannot read IP mode file for STMicroelectronics.X-CUBE-BLE2.3.3.0
2025-09-15 21:32:43,487 [WARN] PackLoader:240 - Cannot read IP mode file for STMicroelectronics.X-CUBE-NFC9.1.0.0
2025-09-15 21:32:43,514 [WARN] PackLoader:240 - Cannot read IP mode file for STMicroelectronics.X-CUBE-BLE1.7.1.0
2025-09-15 21:32:43,545 [WARN] PackLoader:240 - Cannot read IP mode file for STMicroelectronics.X-CUBE-EEPRMA1.5.2.0
2025-09-15 21:32:43,591 [WARN] PackLoader:240 - Cannot read IP mode file for STMicroelectronics.X-CUBE-AI.10.1.0
2025-09-15 21:32:43,804 [WARN] PackLoader:240 - Cannot read IP mode file for STMicroelectronics.X-CUBE-MEMS1.11.2.0
2025-09-15 21:32:44,205 [WARN] PackLoader:240 - Cannot read IP mode file for STMicroelectronics.X-CUBE-AZRTOS-G0.1.1.0
2025-09-15 21:32:44,235 [WARN] PackLoader:240 - Cannot read IP mode file for STMicroelectronics.X-CUBE-SAFEA1.1.2.2
2025-09-15 21:32:44,261 [WARN] PackLoader:240 - Cannot read IP mode file for STMicroelectronics.X-CUBE-NFC4.3.0.0
2025-09-15 21:32:44,296 [WARN] PackLoader:240 - Cannot read IP mode file for EmbeddedOffice.I-CUBE-FS-RTOS.1.0.1
2025-09-15 21:32:44,317 [WARN] PackLoader:240 - Cannot read IP mode file for STMicroelectronics.X-CUBE-WB05N.2.0.0
2025-09-15 21:32:44,345 [WARN] PackLoader:240 - Cannot read IP mode file for STMicroelectronics.X-CUBE-TCPP.4.2.0
2025-09-15 21:32:44,372 [WARN] PackLoader:240 - Cannot read IP mode file for RealThread.X-CUBE-RT-Thread_Nano.4.1.1
2025-09-15 21:32:44,388 [WARN] PackLoader:240 - Cannot read IP mode file for STMicroelectronics.FP-ATR-SIGFOX1.3.2.0
2025-09-15 21:32:44,406 [WARN] ConditionMgr:438 - getConditionDescription Invalid condition id : Cortex-A Device cause : null
2025-09-15 21:32:44,460 [WARN] ConditionMgr:1044 - genDependencies : Invalid condition id : Cortex-A Device cause : null
2025-09-15 21:32:44,460 [WARN] ConditionMgr:1044 - genDependencies : Invalid condition id : Cortex-A Device cause : null
2025-09-15 21:32:44,461 [WARN] ConditionMgr:1044 - genDependencies : Invalid condition id : Cortex-A Device cause : null
2025-09-15 21:32:44,482 [WARN] PackLoader:240 - Cannot read IP mode file for STMicroelectronics.X-CUBE-EEPRMA1.5.1.0
2025-09-15 21:32:44,498 [WARN] PackLoader:240 - Cannot read IP mode file for wolfSSL.I-CUBE-wolfSSL.5.7.4
2025-09-15 21:32:44,521 [WARN] PackLoader:240 - Cannot read IP mode file for ITTIA_DB.I-CUBE-ITTIADB.8.9.0
2025-09-15 21:32:44,557 [WARN] PackLoader:240 - Cannot read IP mode file for STMicroelectronics.X-CUBE-ST67W61.1.0.0
2025-09-15 21:32:44,574 [WARN] PackLoader:240 - Cannot read IP mode file for STMicroelectronics.X-CUBE-AI.10.2.0
2025-09-15 21:32:44,600 [INFO] WebApp:463 - Apply proxy settings
2025-09-15 21:32:44,616 [INFO] WebApp:508 - Chromium authenticates against Manually configured proxy
2025-09-15 21:32:44,652 [WARN] PackLoader:240 - Cannot read IP mode file for SEGGER.I-CUBE-embOS.1.3.1
2025-09-15 21:32:44,668 [INFO] WebApp:516 - Username used for proxy authentication: 
2025-09-15 21:32:44,763 [WARN] PackLoader:240 - Cannot read IP mode file for STMicroelectronics.X-CUBE-ALGOBUILD.1.4.0
2025-09-15 21:32:44,862 [INFO] WebApp:894 - Register for checkConnection events
2025-09-15 21:32:44,863 [INFO] WebApp:463 - Apply proxy settings
2025-09-15 21:32:44,877 [INFO] WebApp:508 - Chromium authenticates against Manually configured proxy
2025-09-15 21:32:44,879 [INFO] WebApp:516 - Username used for proxy authentication: 
2025-09-15 21:32:44,913 [WARN] PackLoader:240 - Cannot read IP mode file for STMicroelectronics.X-CUBE-MEMS1.11.3.0
2025-09-15 21:32:45,436 [WARN] PackLoader:240 - Cannot read IP mode file for STMicroelectronics.X-CUBE-AI.9.1.0
2025-09-15 21:32:45,452 [WARN] PackLoader:240 - Cannot read IP mode file for STMicroelectronics.X-CUBE-PM33A1.1.0.0
2025-09-15 21:32:45,500 [WARN] PackLoader:240 - Cannot read IP mode file for STMicroelectronics.X-CUBE-AZRTOS-F4.1.1.0
2025-09-15 21:32:45,522 [WARN] PackLoader:240 - Cannot read IP mode file for Avnet-IotConnect.X-CUBE-IoTC-DA16k-PMOD.1.0.0
2025-09-15 21:32:45,540 [WARN] PackLoader:240 - Cannot read IP mode file for STMicroelectronics.X-CUBE-ISPU.2.1.0
2025-09-15 21:32:45,559 [WARN] PackLoader:240 - Cannot read IP mode file for STMicroelectronics.X-CUBE-NFC12.1.0.0
2025-09-15 21:32:45,605 [WARN] PackLoader:240 - Cannot read IP mode file for STMicroelectronics.X-CUBE-AZRTOS-L5.2.0.0
2025-09-15 21:32:45,639 [WARN] PackLoader:240 - Cannot read IP mode file for STMicroelectronics.X-CUBE-NFC6.3.1.0
2025-09-15 21:32:45,694 [WARN] PackLoader:240 - Cannot read IP mode file for STMicroelectronics.X-CUBE-DPower.1.2.0
2025-09-15 21:32:45,714 [WARN] PackLoader:240 - Cannot read IP mode file for STMicroelectronics.X-CUBE-FREERTOS.1.3.1
2025-09-15 21:32:45,725 [WARN] PackLoader:240 - Cannot read IP mode file for STMicroelectronics.X-CUBE-FREERTOS.1.3.0
2025-09-15 21:32:45,740 [WARN] PackLoader:240 - Cannot read IP mode file for STMicroelectronics.X-CUBE-NFC7.1.0.1
2025-09-15 21:32:45,757 [WARN] PackLoader:240 - Cannot read IP mode file for STMicroelectronics.FP-SNS-STAIOTCFT.1.0.0
2025-09-15 21:32:45,773 [WARN] PackLoader:240 - Cannot read IP mode file for STMicroelectronics.X-CUBE-DPower.1.3.0
2025-09-15 21:32:45,819 [WARN] ConditionMgr:438 - getConditionDescription Invalid condition id : LAN8742 Phy interface Condition cause : null
2025-09-15 21:32:45,821 [WARN] PackLoader:240 - Cannot read IP mode file for STMicroelectronics.X-CUBE-AZRTOS-L4.2.0.0
2025-09-15 21:32:45,823 [WARN] ConditionMgr:1044 - genDependencies : Invalid condition id : LAN8742 Phy interface Condition cause : null
2025-09-15 21:32:45,825 [WARN] ConditionMgr:1044 - genDependencies : Invalid condition id : LAN8742 Phy interface Condition cause : null
2025-09-15 21:32:45,826 [WARN] ConditionMgr:1044 - genDependencies : Invalid condition id : LAN8742 Phy interface Condition cause : null
2025-09-15 21:32:45,845 [WARN] PackLoader:240 - Cannot read IP mode file for STMicroelectronics.X-CUBE-SFXS2LP1.4.0.0
2025-09-15 21:32:45,893 [WARN] PackLoader:240 - Cannot read IP mode file for STMicroelectronics.X-CUBE-AZRTOS-H7.3.3.0
2025-09-15 21:32:45,929 [WARN] PackLoader:240 - Cannot read IP mode file for STMicroelectronics.X-CUBE-BLEMGR.4.1.0
2025-09-15 21:32:45,976 [WARN] ConditionMgr:438 - getConditionDescription Invalid condition id : UX DEVICE CLASS RTOS Condition cause : null
2025-09-15 21:32:45,978 [WARN] ConditionMgr:438 - getConditionDescription Invalid condition id : UX DEVICE CLASS RTOS Condition cause : null
2025-09-15 21:32:45,988 [WARN] PackLoader:240 - Cannot read IP mode file for STMicroelectronics.X-CUBE-AZRTOS-WB.2.0.0
2025-09-15 21:32:45,990 [WARN] ConditionMgr:1044 - genDependencies : Invalid condition id : UX DEVICE CLASS RTOS Condition cause : null
2025-09-15 21:32:45,991 [WARN] ConditionMgr:1044 - genDependencies : Invalid condition id : UX DEVICE CLASS RTOS Condition cause : null
2025-09-15 21:32:45,992 [WARN] ConditionMgr:1044 - genDependencies : Invalid condition id : UX DEVICE CLASS RTOS Condition cause : null
2025-09-15 21:32:45,993 [WARN] ConditionMgr:1044 - genDependencies : Invalid condition id : UX DEVICE CLASS RTOS Condition cause : null
2025-09-15 21:32:45,993 [WARN] ConditionMgr:1044 - genDependencies : Invalid condition id : UX DEVICE CLASS RTOS Condition cause : null
2025-09-15 21:32:46,008 [WARN] PackLoader:240 - Cannot read IP mode file for STMicroelectronics.X-CUBE-GNSS1.7.0.1
2025-09-15 21:32:46,025 [WARN] PackLoader:240 - Cannot read IP mode file for STMicroelectronics.X-CUBE-TOUCHGFX.4.25.0
2025-09-15 21:32:46,042 [WARN] PackLoader:240 - Cannot read IP mode file for STMicroelectronics.FP-SNS-STBOX1.2.0.0
2025-09-15 21:32:46,072 [WARN] PackLoader:240 - Cannot read IP mode file for STMicroelectronics.X-CUBE-SUBG2.5.0.0
2025-09-15 21:32:46,139 [WARN] PackLoader:240 - Cannot read IP mode file for STMicroelectronics.X-CUBE-AZRTOS-H7RS.1.1.0
2025-09-15 21:32:46,163 [WARN] PackLoader:240 - Cannot read IP mode file for Cesanta.I-CUBE-Mongoose.7.13.0
2025-09-15 21:32:46,164 [INFO] WebApp:191 - Connection restablished
2025-09-15 21:32:46,207 [WARN] PackLoader:240 - Cannot read IP mode file for STMicroelectronics.X-CUBE-AZRTOS-G4.2.0.0
2025-09-15 21:32:46,226 [WARN] PackLoader:240 - Cannot read IP mode file for STMicroelectronics.X-CUBE-NFC7.2.0.0
2025-09-15 21:32:46,264 [WARN] PackLoader:240 - Cannot read IP mode file for STMicroelectronics.X-CUBE-IPS.3.1.0
2025-09-15 21:32:46,290 [WARN] PackLoader:240 - Cannot read IP mode file for STMicroelectronics.X-CUBE-ALS.1.0.2
2025-09-15 21:32:46,300 [WARN] PackLoader:240 - Cannot read IP mode file for STMicroelectronics.X-CUBE-TOUCHGFX.4.24.2
2025-09-15 21:32:46,318 [WARN] PackLoader:240 - Cannot read IP mode file for STMicroelectronics.X-CUBE-STSE01.1.0.0
2025-09-15 21:32:46,335 [WARN] PackLoader:240 - Cannot read IP mode file for wolfSSL.I-CUBE-wolfTPM.3.4.0
2025-09-15 21:32:46,353 [WARN] PackLoader:240 - Cannot read IP mode file for portGmbH.I-Cube-SoM-uGOAL.1.1.0
2025-09-15 21:32:46,434 [INFO] WebApp:225 - Starting web application
2025-09-15 21:32:46,435 [INFO] WebApp:593 - Web application path used D:\STM32CubeIDE_1.18.1\STM32CubeIDE\plugins\com.st.stm32cube.common.mx_6.14.1.202504091515\db\plugins\mcufinder\reactClient1\index.html
2025-09-15 21:32:46,448 [WARN] PackLoader:240 - Cannot read IP mode file for STMicroelectronics.X-CUBE-AZRTOS-H7RS.1.0.0
2025-09-15 21:32:46,499 [WARN] PackLoader:240 - Cannot read IP mode file for STMicroelectronics.X-CUBE-TOF1.3.4.2
2025-09-15 21:32:46,579 [WARN] PackLoader:240 - Cannot read IP mode file for STMicroelectronics.X-CUBE-TOF1.3.4.3
2025-09-15 21:32:46,640 [WARN] PackLoader:240 - Cannot read IP mode file for wolfSSL.I-CUBE-wolfSSH.1.4.17
2025-09-15 21:32:46,642 [INFO] ThirdParty:978 - Integrity check success = true
2025-09-15 21:32:46,643 [INFO] IntegrityCheckThread:100 - exiting critical section [integrity check]
2025-09-15 21:32:46,643 [INFO] IntegrityCheckThread:103 - End integrity checks thread
2025-09-15 21:32:49,713 [INFO] UserAuth:484 - Internet connection configuration mode: 1
2025-09-15 21:34:26,510 [INFO] WebApp:194 - Connection lost
2025-09-15 21:34:27,402 [INFO] WebApp:191 - Connection restablished
2025-09-15 21:37:46,408 [ERROR] LogOutputStream:75 - [STDERR_REDIRECT] 
